# JRE version: OpenJDK Runtime Environment (17.0.11) (build 17.0.11+0--11852314)
# Java VM: OpenJDK 64-Bit Server VM (17.0.11+0--11852314, mixed mode, tiered, compressed oops, compressed class ptrs, g1 gc, windows-amd64)
GC Precious Log:
 CPUs: 4 total, 4 available
 Memory: 12204M
 Large Page Support: Disabled
 NUMA Support: Disabled
 Compressed Oops: Enabled (32-bit)
 Heap Region Size: 1M
 Heap Min Capacity: 8M
 Heap Initial Capacity: 192M
 Heap Max Capacity: 2G
 Pre-touch: Disabled
 Parallel Workers: 4
 Concurrent Workers: 1
 Concurrent Refinement Workers: 4
 Periodic GC: Disabled
Heap:
 garbage-first heap   total 199680K, used 94052K [0x0000000080000000, 0x0000000100000000)
  region size 1024K, 33 young (33792K), 5 survivors (5120K)
 Metaspace       used 57400K, committed 57856K, reserved 1114112K
  class space    used 7761K, committed 8000K, reserved 1048576K
GC Heap History (20 events):
Event: 14.343 GC heap before
{Heap before GC invocations=39 (full 0):
 garbage-first heap   total 138240K, used 118583K [0x0000000080000000, 0x0000000100000000)
  region size 1024K, 60 young (61440K), 3 survivors (3072K)
 Metaspace       used 57169K, committed 57600K, reserved 1114112K
  class space    used 7741K, committed 7936K, reserved 1048576K
}
Event: 14.347 GC heap after
{Heap after GC invocations=40 (full 0):
 garbage-first heap   total 138240K, used 60609K [0x0000000080000000, 0x0000000100000000)
  region size 1024K, 4 young (4096K), 4 survivors (4096K)
 Metaspace       used 57169K, committed 57600K, reserved 1114112K
  class space    used 7741K, committed 7936K, reserved 1048576K
}
Event: 14.622 GC heap before
{Heap before GC invocations=40 (full 0):
 garbage-first heap   total 138240K, used 117953K [0x0000000080000000, 0x0000000100000000)
  region size 1024K, 60 young (61440K), 4 survivors (4096K)
 Metaspace       used 57206K, committed 57600K, reserved 1114112K
  class space    used 7741K, committed 7936K, reserved 1048576K
}
Event: 14.626 GC heap after
{Heap after GC invocations=41 (full 0):
 garbage-first heap   total 138240K, used 60943K [0x0000000080000000, 0x0000000100000000)
  region size 1024K, 4 young (4096K), 4 survivors (4096K)
 Metaspace       used 57206K, committed 57600K, reserved 1114112K
  class space    used 7741K, committed 7936K, reserved 1048576K
}
Event: 14.919 GC heap before
{Heap before GC invocations=41 (full 0):
 garbage-first heap   total 138240K, used 118287K [0x0000000080000000, 0x0000000100000000)
  region size 1024K, 60 young (61440K), 4 survivors (4096K)
 Metaspace       used 57216K, committed 57664K, reserved 1114112K
  class space    used 7741K, committed 7936K, reserved 1048576K
}
Event: 14.926 GC heap after
{Heap after GC invocations=42 (full 0):
 garbage-first heap   total 165888K, used 61561K [0x0000000080000000, 0x0000000100000000)
  region size 1024K, 5 young (5120K), 5 survivors (5120K)
 Metaspace       used 57216K, committed 57664K, reserved 1114112K
  class space    used 7741K, committed 7936K, reserved 1048576K
}
Event: 15.335 GC heap before
{Heap before GC invocations=42 (full 0):
 garbage-first heap   total 165888K, used 141433K [0x0000000080000000, 0x0000000100000000)
  region size 1024K, 83 young (84992K), 5 survivors (5120K)
 Metaspace       used 57216K, committed 57664K, reserved 1114112K
  class space    used 7741K, committed 7936K, reserved 1048576K
}
Event: 15.340 GC heap after
{Heap after GC invocations=43 (full 0):
 garbage-first heap   total 165888K, used 62800K [0x0000000080000000, 0x0000000100000000)
  region size 1024K, 6 young (6144K), 6 survivors (6144K)
 Metaspace       used 57216K, committed 57664K, reserved 1114112K
  class space    used 7741K, committed 7936K, reserved 1048576K
}
Event: 15.705 GC heap before
{Heap before GC invocations=43 (full 0):
 garbage-first heap   total 165888K, used 140624K [0x0000000080000000, 0x0000000100000000)
  region size 1024K, 82 young (83968K), 6 survivors (6144K)
 Metaspace       used 57217K, committed 57664K, reserved 1114112K
  class space    used 7741K, committed 7936K, reserved 1048576K
}
Event: 15.712 GC heap after
{Heap after GC invocations=44 (full 0):
 garbage-first heap   total 165888K, used 63440K [0x0000000080000000, 0x0000000100000000)
  region size 1024K, 6 young (6144K), 6 survivors (6144K)
 Metaspace       used 57217K, committed 57664K, reserved 1114112K
  class space    used 7741K, committed 7936K, reserved 1048576K
}
Event: 16.065 GC heap before
{Heap before GC invocations=44 (full 0):
 garbage-first heap   total 165888K, used 141264K [0x0000000080000000, 0x0000000100000000)
  region size 1024K, 82 young (83968K), 6 survivors (6144K)
 Metaspace       used 57218K, committed 57664K, reserved 1114112K
  class space    used 7741K, committed 7936K, reserved 1048576K
}
Event: 16.072 GC heap after
{Heap after GC invocations=45 (full 0):
 garbage-first heap   total 165888K, used 64794K [0x0000000080000000, 0x0000000100000000)
  region size 1024K, 7 young (7168K), 7 survivors (7168K)
 Metaspace       used 57218K, committed 57664K, reserved 1114112K
  class space    used 7741K, committed 7936K, reserved 1048576K
}
Event: 16.393 GC heap before
{Heap before GC invocations=45 (full 0):
 garbage-first heap   total 165888K, used 140570K [0x0000000080000000, 0x0000000100000000)
  region size 1024K, 81 young (82944K), 7 survivors (7168K)
 Metaspace       used 57218K, committed 57664K, reserved 1114112K
  class space    used 7741K, committed 7936K, reserved 1048576K
}
Event: 16.400 GC heap after
{Heap after GC invocations=46 (full 0):
 garbage-first heap   total 199680K, used 65070K [0x0000000080000000, 0x0000000100000000)
  region size 1024K, 6 young (6144K), 6 survivors (6144K)
 Metaspace       used 57218K, committed 57664K, reserved 1114112K
  class space    used 7741K, committed 7936K, reserved 1048576K
}
Event: 17.008 GC heap before
{Heap before GC invocations=46 (full 0):
 garbage-first heap   total 199680K, used 172590K [0x0000000080000000, 0x0000000100000000)
  region size 1024K, 111 young (113664K), 6 survivors (6144K)
 Metaspace       used 57219K, committed 57664K, reserved 1114112K
  class space    used 7742K, committed 7936K, reserved 1048576K
}
Event: 17.017 GC heap after
{Heap after GC invocations=47 (full 0):
 garbage-first heap   total 199680K, used 66094K [0x0000000080000000, 0x0000000100000000)
  region size 1024K, 7 young (7168K), 7 survivors (7168K)
 Metaspace       used 57219K, committed 57664K, reserved 1114112K
  class space    used 7742K, committed 7936K, reserved 1048576K
}
Event: 18.030 GC heap before
{Heap before GC invocations=47 (full 0):
 garbage-first heap   total 199680K, used 174638K [0x0000000080000000, 0x0000000100000000)
  region size 1024K, 110 young (112640K), 7 survivors (7168K)
 Metaspace       used 57335K, committed 57792K, reserved 1114112K
  class space    used 7757K, committed 8000K, reserved 1048576K
}
Event: 18.033 GC heap after
{Heap after GC invocations=48 (full 0):
 garbage-first heap   total 199680K, used 61940K [0x0000000080000000, 0x0000000100000000)
  region size 1024K, 3 young (3072K), 3 survivors (3072K)
 Metaspace       used 57335K, committed 57792K, reserved 1114112K
  class space    used 7757K, committed 8000K, reserved 1048576K
}
Event: 18.383 GC heap before
{Heap before GC invocations=48 (full 0):
 garbage-first heap   total 199680K, used 174580K [0x0000000080000000, 0x0000000100000000)
  region size 1024K, 113 young (115712K), 3 survivors (3072K)
 Metaspace       used 57336K, committed 57792K, reserved 1114112K
  class space    used 7758K, committed 8000K, reserved 1048576K
}
Event: 18.390 GC heap after
{Heap after GC invocations=49 (full 0):
 garbage-first heap   total 199680K, used 63332K [0x0000000080000000, 0x0000000100000000)
  region size 1024K, 5 young (5120K), 5 survivors (5120K)
 Metaspace       used 57336K, committed 57792K, reserved 1114112K
  class space    used 7758K, committed 8000K, reserved 1048576K
}

